PRT1
84
219
4 0 64 (288 16 144 ) (288 16 16 ) (288 -96 16 ) (288 -96 144 ) 
4 0 1 (496 -96 -64 ) (624 -96 -64 ) (624 -96 64 ) (496 -96 64 ) 
4 1 34 (624 -112 -80 ) (624 -112 48 ) (496 -112 48 ) (496 -112 -80 ) 
3 2 5 (2000 -656 -160 ) (2016 -656 -100.26666666664113 ) (2016 -592 74.66666666669695 ) 
4 3 7 (2000 -576 58.66666666667143 ) (2000 -568.1951219512217 80 ) (2000 -454.24390243902354 80 ) (2000 -448 58.66666666666961 ) 
4 3 5 (2000 -568.1951219512213 80 ) (2000 -576 58.66666666667143 ) (2016 -592 74.66666666669695 ) (2016 -590.0487804878157 80 ) 
4 3 4 (2016 -433.5609756097475 80 ) (2016 -432 74.66666666666032 ) (2000 -448 58.66666666666964 ) (2000 -454.2439024390243 80 ) 
3 4 7 (2000 -384 -160 ) (2000 -454.24390243902354 80 ) (2000 -449.4545454545367 80 ) 
4 4 6 (2000 -384 -160 ) (2000 -449.45454545453686 80 ) (2016 -433.4545454545369 80 ) (2016 -432 74.66666666671138 ) 
3 5 7 (2000 -656 -160 ) (2000 -656 80 ) (2000 -568.1951219512217 80 ) 
3 6 7 (2000 -384 80 ) (2000 -384 -160 ) (2000 -449.4545454545367 80 ) 
4 7 27 (1920 -576 -160 ) (1920 -656 -160 ) (1920 -656 -128 ) (1920 -576 -128 ) 
4 7 11 (1920 -384 -160 ) (1920 -576 -160 ) (1920 -576 -128 ) (1920 -384 -128 ) 
4 7 8 (1920 -656 -128 ) (1920 -656 48 ) (1920 -384 48 ) (1920 -384 -128 ) 
4 8 32 (960 -752 -128 ) (656 -752 -128 ) (656 -576 -128 ) (960 -576 -128 ) 
4 8 31 (1120 -752 -128 ) (960 -752 -128 ) (960 -592 -128 ) (1120 -592 -128 ) 
4 8 30 (1408 -752 -128 ) (1136 -752 -128 ) (1136 -576 -128 ) (1408 -576 -128 ) 
4 8 29 (1440 -752 -128 ) (1408 -752 -128 ) (1408 -720 -128 ) (1440 -720 -128 ) 
4 8 28 (1408 -592 -128 ) (1408 -576 -128 ) (1440 -576 -128 ) (1440 -592 -128 ) 
4 8 27 (1920 -576 -128 ) (1920 -752 -128 ) (1440 -752 -128 ) (1440 -576 -128 ) 
4 8 26 (656 -288 -128 ) (704 -288 -128 ) (704 -576 -128 ) (656 -576 -128 ) 
4 8 25 (736 -336 -128 ) (736 -576 -128 ) (704 -576 -128 ) (704 -336 -128 ) 
4 8 24 (704 -288 -128 ) (736 -288 -128 ) (736 -304 -128 ) (704 -304 -128 ) 
4 8 23 (736 -288 -128 ) (768 -288 -128 ) (768 -576 -128 ) (736 -576 -128 ) 
4 8 22 (800 -528 -128 ) (800 -576 -128 ) (768 -576 -128 ) (768 -528 -128 ) 
4 8 21 (768 -288 -128 ) (800 -288 -128 ) (800 -496 -128 ) (768 -496 -128 ) 
4 8 20 (800 -288 -128 ) (1024 -288 -128 ) (1024 -576 -128 ) (800 -576 -128 ) 
4 8 19 (1040 -464 -128 ) (1040 -576 -128 ) (1024 -576 -128 ) (1024 -464 -128 ) 
4 8 18 (1040 -288 -128 ) (1264 -288 -128 ) (1264 -576 -128 ) (1040 -576 -128 ) 
4 8 17 (1328 -576 -128 ) (1264 -576 -128 ) (1264 -448 -128 ) (1328 -448 -128 ) 
4 8 16 (1504 -400 -128 ) (1504 -576 -128 ) (1328 -576 -128 ) (1328 -400 -128 ) 
4 8 15 (1264 -288 -128 ) (1472 -288 -128 ) (1472 -400 -128 ) (1264 -400 -128 ) 
4 8 14 (1472 -288 -128 ) (1504 -288 -128 ) (1504 -320 -128 ) (1472 -320 -128 ) 
4 8 13 (1568 -560 -128 ) (1568 -576 -128 ) (1504 -576 -128 ) (1504 -560 -128 ) 
4 8 12 (1504 -288 -128 ) (1568 -288 -128 ) (1568 -512 -128 ) (1504 -512 -128 ) 
4 8 11 (1568 -288 -128 ) (1920 -288 -128 ) (1920 -576 -128 ) (1568 -576 -128 ) 
4 8 10 (656 -752 -64 ) (656 -752 48 ) (656 -608 48 ) (656 -608 -64 ) 
4 8 9 (656 -288 48 ) (656 -288 -128 ) (656 -608 -128 ) (656 -608 48 ) 
4 9 43 (624 -480 -128 ) (624 -608 -128 ) (624 -608 48 ) (624 -480 48 ) 
4 9 39 (624 -288 -128 ) (624 -480 -128 ) (624 -480 48 ) (624 -288 48 ) 
4 9 33 (624 -608 -128 ) (624 -576 -128 ) (656 -576 -128 ) (656 -608 -128 ) 
4 9 26 (624 -576 -128 ) (624 -288 -128 ) (656 -288 -128 ) (656 -576 -128 ) 
4 9 10 (656 -608 -64 ) (656 -608 48 ) (624 -608 48 ) (624 -608 -64 ) 
4 10 44 (624 -752 -64 ) (624 -752 48 ) (624 -608 48 ) (624 -608 -64 ) 
4 11 27 (1920 -576 -160 ) (1920 -576 -128 ) (1568 -576 -128 ) (1568 -576 -160 ) 
4 11 13 (1568 -560 -160 ) (1568 -576 -160 ) (1568 -576 -128 ) (1568 -560 -128 ) 
4 11 12 (1568 -288 -128 ) (1568 -288 -160 ) (1568 -512 -160 ) (1568 -512 -128 ) 
4 12 16 (1504 -400 -160 ) (1504 -512 -160 ) (1504 -512 -128 ) (1504 -400 -128 ) 
4 12 14 (1504 -288 -128 ) (1504 -288 -160 ) (1504 -320 -160 ) (1504 -320 -128 ) 
4 13 27 (1568 -576 -128 ) (1504 -576 -128 ) (1504 -576 -160 ) (1568 -576 -160 ) 
4 13 16 (1504 -560 -160 ) (1504 -576 -160 ) (1504 -576 -128 ) (1504 -560 -128 ) 
4 14 15 (1472 -288 -128 ) (1472 -288 -160 ) (1472 -320 -160 ) (1472 -320 -128 ) 
4 15 18 (1264 -288 -128 ) (1264 -288 -160 ) (1264 -400 -160 ) (1264 -400 -128 ) 
4 15 16 (1328 -400 -160 ) (1472 -400 -160 ) (1472 -400 -128 ) (1328 -400 -128 ) 
4 16 30 (1408 -576 -128 ) (1328 -576 -128 ) (1328 -576 -160 ) (1408 -576 -160 ) 
4 16 28 (1440 -576 -128 ) (1408 -576 -128 ) (1408 -576 -160 ) (1440 -576 -160 ) 
4 16 27 (1504 -576 -128 ) (1440 -576 -128 ) (1440 -576 -160 ) (1504 -576 -160 ) 
4 16 17 (1328 -448 -160 ) (1328 -576 -160 ) (1328 -576 -128 ) (1328 -448 -128 ) 
4 17 30 (1328 -576 -128 ) (1264 -576 -128 ) (1264 -576 -160 ) (1328 -576 -160 ) 
4 17 18 (1264 -448 -160 ) (1264 -576 -160 ) (1264 -576 -128 ) (1264 -448 -128 ) 
4 18 30 (1264 -576 -128 ) (1136 -576 -128 ) (1136 -576 -160 ) (1264 -576 -160 ) 
4 18 19 (1040 -464 -160 ) (1040 -576 -160 ) (1040 -576 -128 ) (1040 -464 -128 ) 
4 19 20 (1024 -464 -160 ) (1024 -576 -160 ) (1024 -576 -128 ) (1024 -464 -128 ) 
4 20 32 (960 -576 -128 ) (800 -576 -128 ) (800 -576 -160 ) (960 -576 -160 ) 
4 20 22 (800 -528 -160 ) (800 -576 -160 ) (800 -576 -128 ) (800 -528 -128 ) 
4 20 21 (800 -288 -128 ) (800 -288 -160 ) (800 -496 -160 ) (800 -496 -128 ) 
4 21 23 (768 -288 -128 ) (768 -288 -160 ) (768 -496 -160 ) (768 -496 -128 ) 
4 22 32 (800 -576 -128 ) (768 -576 -128 ) (768 -576 -160 ) (800 -576 -160 ) 
4 22 23 (768 -528 -160 ) (768 -576 -160 ) (768 -576 -128 ) (768 -528 -128 ) 
4 23 32 (768 -576 -128 ) (736 -576 -128 ) (736 -576 -160 ) (768 -576 -160 ) 
4 23 25 (736 -336 -160 ) (736 -576 -160 ) (736 -576 -128 ) (736 -336 -128 ) 
4 23 24 (736 -288 -128 ) (736 -288 -160 ) (736 -304 -160 ) (736 -304 -128 ) 
4 24 26 (704 -288 -128 ) (704 -288 -160 ) (704 -304 -160 ) (704 -304 -128 ) 
4 25 32 (736 -576 -128 ) (704 -576 -128 ) (704 -576 -160 ) (736 -576 -160 ) 
4 25 26 (704 -336 -160 ) (704 -576 -160 ) (704 -576 -128 ) (704 -336 -128 ) 
4 26 43 (624 -480 -160 ) (624 -576 -160 ) (624 -576 -128 ) (624 -480 -128 ) 
4 26 39 (624 -288 -160 ) (624 -480 -160 ) (624 -480 -128 ) (624 -288 -128 ) 
4 26 33 (656 -576 -128 ) (624 -576 -128 ) (624 -576 -160 ) (656 -576 -160 ) 
4 26 32 (704 -576 -128 ) (656 -576 -128 ) (656 -576 -160 ) (704 -576 -160 ) 
4 27 29 (1440 -720 -160 ) (1440 -752 -160 ) (1440 -752 -128 ) (1440 -720 -128 ) 
4 27 28 (1440 -576 -128 ) (1440 -576 -160 ) (1440 -592 -160 ) (1440 -592 -128 ) 
4 28 30 (1408 -576 -128 ) (1408 -576 -160 ) (1408 -592 -160 ) (1408 -592 -128 ) 
4 29 30 (1408 -720 -160 ) (1408 -752 -160 ) (1408 -752 -128 ) (1408 -720 -128 ) 
4 31 32 (960 -592 -160 ) (960 -752 -160 ) (960 -752 -128 ) (960 -592 -128 ) 
4 32 33 (656 -576 -128 ) (656 -576 -160 ) (656 -608 -160 ) (656 -608 -128 ) 
4 33 43 (624 -576 -160 ) (624 -608 -160 ) (624 -608 -128 ) (624 -576 -128 ) 
4 34 38 (496 -224 48 ) (496 -224 -80 ) (624 -224 -80 ) (624 -224 48 ) 
4 34 35 (624 -224 -80 ) (496 -224 -80 ) (496 -128 -80 ) (624 -128 -80 ) 
4 35 38 (496 -224 -80 ) (496 -224 -96 ) (624 -224 -96 ) (624 -224 -80 ) 
4 35 37 (624 -224 -96 ) (496 -224 -96 ) (496 -192 -96 ) (624 -192 -96 ) 
4 35 36 (496 -192 -96 ) (496 -160 -96 ) (624 -160 -96 ) (624 -192 -96 ) 
4 36 37 (624 -192 -112 ) (624 -192 -96 ) (496 -192 -96 ) (496 -192 -112 ) 
4 37 38 (496 -224 -96 ) (496 -224 -128 ) (624 -224 -128 ) (624 -224 -96 ) 
4 38 42 (528 -256 48 ) (496 -256 48 ) (496 -256 -144 ) (528 -256 -144 ) 
4 38 40 (560 -256 48 ) (528 -256 48 ) (528 -256 -144 ) (560 -256 -144 ) 
4 38 39 (624 -256 -144 ) (624 -256 48 ) (560 -256 48 ) (560 -256 -144 ) 
4 39 43 (624 -480 -160 ) (624 -480 48 ) (560 -480 48 ) (560 -480 -160 ) 
4 39 41 (560 -480 -128 ) (560 -480 48 ) (560 -448 48 ) (560 -448 -128 ) 
4 39 40 (560 -256 48 ) (560 -256 -160 ) (560 -448 -160 ) (560 -448 48 ) 
4 40 42 (528 -256 48 ) (528 -256 -160 ) (528 -448 -160 ) (528 -448 48 ) 
4 40 41 (528 -448 48 ) (528 -448 -128 ) (560 -448 -128 ) (560 -448 48 ) 
4 41 43 (560 -480 48 ) (528 -480 48 ) (528 -480 -128 ) (560 -480 -128 ) 
4 41 42 (528 -480 -128 ) (528 -480 48 ) (528 -448 48 ) (528 -448 -128 ) 
4 42 45 (512 -480 48 ) (496 -480 48 ) (496 -480 -160 ) (512 -480 -160 ) 
4 42 43 (528 -480 48 ) (512 -480 48 ) (512 -480 -160 ) (528 -480 -160 ) 
4 43 45 (512 -480 48 ) (512 -480 -160 ) (512 -608 -160 ) (512 -608 48 ) 
4 43 44 (512 -608 48 ) (512 -608 -64 ) (624 -608 -64 ) (624 -608 48 ) 
4 44 45 (512 -752 -64 ) (512 -752 48 ) (512 -608 48 ) (512 -608 -64 ) 
4 46 60 (288 48 144 ) (288 48 256 ) (272 48 256 ) (272 48 144 ) 
4 46 49 (272 48 16 ) (272 48 256 ) (272 128 256 ) (272 128 16 ) 
4 46 48 (272 128 256 ) (272 192 256 ) (272 192 64 ) (272 128 64 ) 
4 46 47 (272 192 256 ) (272 240 256 ) (272 240 16 ) (272 192 16 ) 
4 47 50 (224 240 256 ) (224 240 16 ) (224 192 16 ) (224 192 256 ) 
4 47 48 (272 192 64 ) (272 192 256 ) (224 192 256 ) (224 192 64 ) 
4 48 50 (224 128 64 ) (224 128 256 ) (224 192 256 ) (224 192 64 ) 
4 48 49 (272 128 64 ) (272 128 256 ) (224 128 256 ) (224 128 64 ) 
4 49 61 (224 48 144 ) (224 48 16 ) (240 48 16 ) (240 48 144 ) 
4 49 60 (224 48 256 ) (224 48 144 ) (272 48 144 ) (272 48 256 ) 
4 49 52 (224 80 16 ) (224 48 16 ) (224 48 256 ) (224 80 256 ) 
4 49 51 (224 80 32 ) (224 80 256 ) (224 112 256 ) (224 112 32 ) 
4 49 50 (224 128 16 ) (224 112 16 ) (224 112 256 ) (224 128 256 ) 
4 50 55 (192 176 16 ) (192 112 16 ) (192 112 48 ) (192 176 48 ) 
4 50 54 (192 240 48 ) (192 240 16 ) (192 208 16 ) (192 208 48 ) 
4 50 53 (192 240 256 ) (192 240 48 ) (192 112 48 ) (192 112 256 ) 
4 50 51 (224 112 32 ) (224 112 256 ) (192 112 256 ) (192 112 32 ) 
4 51 55 (192 80 32 ) (192 80 48 ) (192 112 48 ) (192 112 32 ) 
4 51 53 (192 80 48 ) (192 80 256 ) (192 112 256 ) (192 112 48 ) 
4 51 52 (224 80 32 ) (224 80 256 ) (192 80 256 ) (192 80 32 ) 
4 52 61 (192 48 144 ) (192 48 16 ) (224 48 16 ) (224 48 144 ) 
4 52 60 (192 48 256 ) (192 48 144 ) (224 48 144 ) (224 48 256 ) 
4 52 55 (192 80 16 ) (192 48 16 ) (192 48 48 ) (192 80 48 ) 
4 52 53 (192 48 48 ) (192 48 256 ) (192 80 256 ) (192 80 48 ) 
4 53 63 (-400 48 144 ) (-400 48 48 ) (80 48 48 ) (80 48 144 ) 
4 53 61 (128 48 48 ) (192 48 48 ) (192 48 144 ) (128 48 144 ) 
4 53 60 (-400 48 256 ) (-400 48 144 ) (192 48 144 ) (192 48 256 ) 
4 53 59 (-224 48 48 ) (-400 48 48 ) (-400 240 48 ) (-224 240 48 ) 
4 53 58 (64 48 48 ) (-224 48 48 ) (-224 144 48 ) (64 144 48 ) 
4 53 57 (-224 192 48 ) (-224 240 48 ) (64 240 48 ) (64 192 48 ) 
4 53 56 (144 48 48 ) (64 48 48 ) (64 240 48 ) (144 240 48 ) 
4 53 55 (192 176 48 ) (192 48 48 ) (144 48 48 ) (144 176 48 ) 
4 53 54 (192 240 48 ) (192 208 48 ) (144 208 48 ) (144 240 48 ) 
4 54 56 (144 208 48 ) (144 240 48 ) (144 240 16 ) (144 208 16 ) 
4 55 61 (144 48 16 ) (192 48 16 ) (192 48 48 ) (144 48 48 ) 
4 55 56 (144 48 16 ) (144 48 48 ) (144 176 48 ) (144 176 16 ) 
4 56 63 (64 48 16 ) (80 48 16 ) (80 48 48 ) (64 48 48 ) 
4 56 61 (128 48 16 ) (144 48 16 ) (144 48 48 ) (128 48 48 ) 
4 56 58 (64 48 16 ) (64 48 48 ) (64 144 48 ) (64 144 16 ) 
4 56 57 (64 192 48 ) (64 240 48 ) (64 240 16 ) (64 192 16 ) 
4 57 59 (-224 192 48 ) (-224 240 48 ) (-224 240 16 ) (-224 192 16 ) 
4 58 63 (-224 48 16 ) (64 48 16 ) (64 48 48 ) (-224 48 48 ) 
4 58 59 (-224 48 16 ) (-224 48 48 ) (-224 144 48 ) (-224 144 16 ) 
4 59 63 (-400 48 48 ) (-400 48 16 ) (-224 48 16 ) (-224 48 48 ) 
4 60 65 (-400 -96 256 ) (-400 -96 144 ) (288 -96 144 ) (288 -96 256 ) 
4 60 64 (288 -96 144 ) (-400 -96 144 ) (-400 16 144 ) (288 16 144 ) 
4 60 63 (-400 16 144 ) (-400 48 144 ) (80 48 144 ) (80 16 144 ) 
4 60 62 (240 32 144 ) (240 16 144 ) (128 16 144 ) (128 32 144 ) 
4 60 61 (128 48 144 ) (240 48 144 ) (240 32 144 ) (128 32 144 ) 
4 61 62 (128 32 144 ) (128 32 80 ) (240 32 80 ) (240 32 144 ) 
4 62 64 (240 16 144 ) (128 16 144 ) (128 16 80 ) (240 16 80 ) 
4 63 64 (80 16 144 ) (-400 16 144 ) (-400 16 16 ) (80 16 16 ) 
4 64 74 (-400 -96 144 ) (-400 -96 16 ) (80 -96 16 ) (80 -96 144 ) 
4 64 67 (240 -96 80 ) (240 -96 144 ) (128 -96 144 ) (128 -96 80 ) 
4 65 82 (-400 -224 256 ) (-400 -224 144 ) (-352 -224 144 ) (-352 -224 256 ) 
4 65 80 (-352 -224 144 ) (-16 -224 144 ) (-16 -224 256 ) (-352 -224 256 ) 
4 65 79 (-16 -224 144 ) (112 -224 144 ) (112 -224 256 ) (-16 -224 256 ) 
4 65 78 (112 -224 144 ) (176 -224 144 ) (176 -224 256 ) (112 -224 256 ) 
4 65 77 (176 -224 144 ) (224 -224 144 ) (224 -224 256 ) (176 -224 256 ) 
4 65 76 (224 -224 144 ) (272 -224 144 ) (272 -224 256 ) (224 -224 256 ) 
4 65 75 (272 -224 144 ) (288 -224 144 ) (288 -224 256 ) (272 -224 256 ) 
4 65 74 (80 -224 144 ) (-400 -224 144 ) (-400 -96 144 ) (80 -96 144 ) 
4 65 73 (128 -224 144 ) (80 -224 144 ) (80 -128 144 ) (128 -128 144 ) 
4 65 72 (192 -224 144 ) (128 -224 144 ) (128 -144 144 ) (192 -144 144 ) 
4 65 71 (224 -224 144 ) (192 -224 144 ) (192 -176 144 ) (224 -176 144 ) 
4 65 70 (192 -176 144 ) (192 -144 144 ) (224 -144 144 ) (224 -176 144 ) 
4 65 69 (240 -224 144 ) (224 -224 144 ) (224 -144 144 ) (240 -144 144 ) 
4 65 68 (128 -144 144 ) (128 -112 144 ) (240 -112 144 ) (240 -144 144 ) 
4 65 67 (128 -112 144 ) (128 -96 144 ) (240 -96 144 ) (240 -112 144 ) 
4 65 66 (288 -224 144 ) (240 -224 144 ) (240 -128 144 ) (288 -128 144 ) 
4 66 76 (272 -224 64 ) (272 -224 144 ) (240 -224 144 ) (240 -224 64 ) 
4 66 75 (272 -224 16 ) (288 -224 16 ) (288 -224 144 ) (272 -224 144 ) 
4 66 69 (240 -224 16 ) (240 -224 144 ) (240 -144 144 ) (240 -144 16 ) 
4 66 68 (240 -144 144 ) (240 -128 144 ) (240 -128 16 ) (240 -144 16 ) 
4 67 68 (128 -112 144 ) (128 -112 80 ) (240 -112 80 ) (240 -112 144 ) 
4 68 73 (128 -144 144 ) (128 -128 144 ) (128 -128 16 ) (128 -144 16 ) 
4 68 72 (128 -144 144 ) (128 -144 16 ) (192 -144 16 ) (192 -144 144 ) 
4 68 70 (224 -144 32 ) (224 -144 144 ) (192 -144 144 ) (192 -144 32 ) 
4 68 69 (224 -144 16 ) (240 -144 16 ) (240 -144 144 ) (224 -144 144 ) 
4 69 76 (240 -224 64 ) (240 -224 144 ) (224 -224 144 ) (224 -224 64 ) 
4 69 71 (224 -176 16 ) (224 -224 16 ) (224 -224 144 ) (224 -176 144 ) 
4 69 70 (224 -144 144 ) (224 -144 32 ) (224 -176 32 ) (224 -176 144 ) 
4 70 72 (192 -144 144 ) (192 -144 32 ) (192 -176 32 ) (192 -176 144 ) 
4 70 71 (192 -176 144 ) (192 -176 32 ) (224 -176 32 ) (224 -176 144 ) 
4 71 77 (192 -224 16 ) (224 -224 16 ) (224 -224 144 ) (192 -224 144 ) 
4 71 72 (192 -176 16 ) (192 -224 16 ) (192 -224 144 ) (192 -176 144 ) 
4 72 78 (176 -224 32 ) (176 -224 144 ) (128 -224 144 ) (128 -224 32 ) 
4 72 77 (176 -224 16 ) (192 -224 16 ) (192 -224 144 ) (176 -224 144 ) 
4 72 73 (128 -224 16 ) (128 -224 144 ) (128 -144 144 ) (128 -144 16 ) 
4 73 79 (80 -224 16 ) (112 -224 16 ) (112 -224 144 ) (80 -224 144 ) 
4 73 78 (128 -224 32 ) (128 -224 144 ) (112 -224 144 ) (112 -224 32 ) 
4 73 74 (80 -224 16 ) (80 -224 144 ) (80 -128 144 ) (80 -128 16 ) 
4 74 82 (-400 -224 144 ) (-400 -224 16 ) (-352 -224 16 ) (-352 -224 144 ) 
4 74 80 (-16 -224 48 ) (-16 -224 144 ) (-352 -224 144 ) (-352 -224 48 ) 
4 74 79 (-16 -224 16 ) (80 -224 16 ) (80 -224 144 ) (-16 -224 144 ) 
4 75 83 (288 -288 256 ) (272 -288 256 ) (272 -288 16 ) (288 -288 16 ) 
4 75 76 (272 -288 64 ) (272 -288 256 ) (272 -224 256 ) (272 -224 64 ) 
4 76 83 (272 -288 256 ) (224 -288 256 ) (224 -288 64 ) (272 -288 64 ) 
4 76 77 (224 -288 64 ) (224 -288 256 ) (224 -224 256 ) (224 -224 64 ) 
4 77 83 (224 -288 256 ) (176 -288 256 ) (176 -288 16 ) (224 -288 16 ) 
4 77 78 (176 -288 32 ) (176 -288 256 ) (176 -224 256 ) (176 -224 32 ) 
4 78 83 (176 -288 256 ) (112 -288 256 ) (112 -288 32 ) (176 -288 32 ) 
4 78 79 (112 -288 32 ) (112 -288 256 ) (112 -224 256 ) (112 -224 32 ) 
4 79 83 (112 -288 256 ) (-16 -288 256 ) (-16 -288 16 ) (112 -288 16 ) 
4 79 81 (-16 -288 16 ) (-16 -288 256 ) (-16 -272 256 ) (-16 -272 16 ) 
4 79 80 (-16 -272 256 ) (-16 -224 256 ) (-16 -224 48 ) (-16 -272 48 ) 
4 80 82 (-352 -272 256 ) (-352 -224 256 ) (-352 -224 48 ) (-352 -272 48 ) 
4 80 81 (-352 -272 256 ) (-352 -272 48 ) (-16 -272 48 ) (-16 -272 256 ) 
4 81 83 (-16 -288 256 ) (-352 -288 256 ) (-352 -288 16 ) (-16 -288 16 ) 
4 81 82 (-352 -288 16 ) (-352 -288 256 ) (-352 -272 256 ) (-352 -272 16 ) 
4 82 83 (-352 -288 256 ) (-400 -288 256 ) (-400 -288 16 ) (-352 -288 16 ) 
